Arguments: 
  C:\Program Files\nodejs\node.exe C:\Users\10871262401\AppData\Roaming\npm\node_modules\yarn\bin\yarn.js add @heroicons/react/outline

PATH: 
  C:\Program Files\nodejs\;C:\Windows\system32;C:\Windows;C:\Windows\System32\Wbem;C:\Windows\System32\WindowsPowerShell\v1.0\;C:\Windows\System32\OpenSSH\;C:\Program Files\Microsoft VS Code\bin;C:\Program Files\Git\cmd;C:\xampp\php;C:\ProgramData\ComposerSetup\bin;C:\Program Files\Inkscape\bin;C:\Program Files\gs\gs9.56.1\bin;C:\Program Files\gs\gs9.56.1\lib;C:\Program Files\PuTTY\;C:\flutter\bin;C:\Users\10871262401\AppData\Local\Microsoft\WindowsApps;C:\Users\10871262401\AppData\Roaming\npm;C:\Users\10871262401\AppData\Roaming\Composer\vendor\bin

Yarn version: 
  1.22.18

Node version: 
  16.14.2

Platform: 
  win32 x64

Trace: 
  Error: https://registry.yarnpkg.com/@heroicons%2freact/outline: Request "https://registry.yarnpkg.com/@heroicons%2freact/outline" returned a 405
      at Request.params.callback [as _callback] (C:\Users\10871262401\AppData\Roaming\npm\node_modules\yarn\lib\cli.js:66147:18)
      at Request.self.callback (C:\Users\10871262401\AppData\Roaming\npm\node_modules\yarn\lib\cli.js:140883:22)
      at Request.emit (node:events:526:28)
      at Request.<anonymous> (C:\Users\10871262401\AppData\Roaming\npm\node_modules\yarn\lib\cli.js:141855:10)
      at Request.emit (node:events:526:28)
      at IncomingMessage.<anonymous> (C:\Users\10871262401\AppData\Roaming\npm\node_modules\yarn\lib\cli.js:141777:12)
      at Object.onceWrapper (node:events:645:28)
      at IncomingMessage.emit (node:events:538:35)
      at endReadableNT (node:internal/streams/readable:1345:12)
      at processTicksAndRejections (node:internal/process/task_queues:83:21)

npm manifest: 
  {
    "dependencies": {
      "@headlessui/react": "^1.6.4"
    }
  }

yarn manifest: 
  No manifest

Lockfile: 
  # THIS IS AN AUTOGENERATED FILE. DO NOT EDIT THIS FILE DIRECTLY.
  # yarn lockfile v1
  
  
  "@headlessui/react@^1.6.4":
    version "1.6.4"
    resolved "https://registry.yarnpkg.com/@headlessui/react/-/react-1.6.4.tgz#c73084e23386bef5fb86cd16da3352c3a844bb4c"
    integrity sha512-0yqz1scwbFtwljmbbKjXsSGl5ABEYNICVHZnMCWo0UtOZodo2Tpu94uOVgCRjRZ77l2WcTi2S0uidINDvG7lsA==
